<?xml version="1.0" encoding="UTF-8"?>
<!-- Generated by org.testng.reporters.JUnitXMLReporter -->
<testsuite ignored="0" hostname="DESKTOP-4O5URTS" failures="0" tests="4" name="Default test" time="12.588" errors="0" timestamp="2024-08-21T12:50:16 IST">
  <testcase classname="ewsPom.test.LoginTest" name="logintest_InValidCredentials" time="0.379"/>
  <testcase classname="ewsPom.test.LoginTest" name="logintest_InValidPassword" time="0.456"/>
  <testcase classname="ewsPom.test.LoginTest" name="logintest_InValidUserID" time="0.305"/>
  <testcase classname="ewsPom.test.LoginTest" name="logintest_ValidCredentials" time="1.685"/>
</testsuite> <!-- Default test -->
